#
# There is insufficient memory for the Java Runtime Environment to continue.
# Native memory allocation (malloc) failed to allocate 614256 bytes for Chunk::new
# Possible reasons:
#   The system is out of physical RAM or swap space
#   The process is running with CompressedOops enabled, and the Java Heap may be blocking the growth of the native heap
# Possible solutions:
#   Reduce memory load on the system
#   Increase physical memory or swap space
#   Check if swap backing store is full
#   Decrease Java heap size (-Xmx/-Xms)
#   Decrease number of Java threads
#   Decrease Java thread stack sizes (-Xss)
#   Set larger code cache with -XX:ReservedCodeCacheSize=
#   JVM is running with Zero Based Compressed Oops mode in which the Java heap is
#     placed in the first 32GB address space. The Java Heap base address is the
#     maximum limit for the native heap growth. Please use -XX:HeapBaseMinAddress
#     to set the Java Heap base and to place the Java Heap above 32GB virtual address.
# This output file may be truncated or incomplete.
#
#  Out of Memory Error (t:/workspace/open/src/hotspot/share/memory/arena.cpp:197), pid=9440, tid=23884
#
# JRE version: Java(TM) SE Runtime Environment (11.0+28) (build 11+28)
# Java VM: Java HotSpot(TM) 64-Bit Server VM (11+28, mixed mode, tiered, compressed oops, g1 gc, windows-amd64)
# No core dump will be written. Minidumps are not enabled by default on client versions of Windows
#

---------------  S U M M A R Y ------------

Command Line: -DImplementation-Version=648 -DSpecification-Title=Shattered Pixel Dungeon -DSpecification-Version=1.3.2-INDEV -Dfile.encoding=UTF-8 -Duser.country=CN -Duser.language=zh -Duser.variant com.shatteredpixel.shatteredpixeldungeon.desktop.DesktopLauncher

Host: AMD Ryzen 7 4800H with Radeon Graphics         , 16 cores, 15G,  Windows 10 , 64 bit Build 19041 (10.0.19041.1889)
Time: Sun Oct  2 21:38:17 2022 中国标准时间 elapsed time: 4 seconds (0d 0h 0m 4s)

---------------  T H R E A D  ---------------

Current thread (0x0000024580841000):  JavaThread "C2 CompilerThread1" daemon [_thread_in_native, id=23884, stack(0x0000007ecfa00000,0x0000007ecfb00000)]


Current CompileTask:
C2:   4969 1263  s    4       jdk.internal.jimage.BasicImageReader::findLocation (115 bytes)

Stack: [0x0000007ecfa00000,0x0000007ecfb00000]
Native frames: (J=compiled Java code, j=interpreted, Vv=VM code, C=native code)
V  [jvm.dll+0x63c22a]
V  [jvm.dll+0x7797ef]
V  [jvm.dll+0x77adda]
V  [jvm.dll+0x77b493]
V  [jvm.dll+0x262818]
V  [jvm.dll+0xc5c71]
V  [jvm.dll+0xc61fc]
V  [jvm.dll+0x36f927]
V  [jvm.dll+0x33c6d3]
V  [jvm.dll+0x33baaa]
V  [jvm.dll+0x21c7e5]
V  [jvm.dll+0x21b98a]
V  [jvm.dll+0x198390]
V  [jvm.dll+0x22a99f]
V  [jvm.dll+0x228fb8]
V  [jvm.dll+0x73f04d]
V  [jvm.dll+0x63b2c2]
C  [ucrtbase.dll+0x21bb2]
C  [KERNEL32.DLL+0x17034]
C  [ntdll.dll+0x52651]


---------------  P R O C E S S  ---------------

Threads class SMR info:
_java_thread_list=0x00000245805c8140, length=12, elements={
0x00000245d3386000, 0x00000245f7261800, 0x00000245f7b1d000, 0x00000245f7b87000,
0x00000245f7b88000, 0x00000245f7b8b000, 0x00000245f7b8f800, 0x00000245f7b91800,
0x00000245f7d30800, 0x00000245f7d37800, 0x0000024580841000, 0x0000024580634000
}

Java Threads: ( => current thread )
  0x00000245d3386000 JavaThread "main" [_thread_in_vm, id=20632, stack(0x0000007ecde00000,0x0000007ecdf00000)]
  0x00000245f7261800 JavaThread "Reference Handler" daemon [_thread_blocked, id=11768, stack(0x0000007ece500000,0x0000007ece600000)]
  0x00000245f7b1d000 JavaThread "Finalizer" daemon [_thread_blocked, id=10712, stack(0x0000007ece600000,0x0000007ece700000)]
  0x00000245f7b87000 JavaThread "Signal Dispatcher" daemon [_thread_blocked, id=24036, stack(0x0000007ece700000,0x0000007ece800000)]
  0x00000245f7b88000 JavaThread "Attach Listener" daemon [_thread_blocked, id=22728, stack(0x0000007ece800000,0x0000007ece900000)]
  0x00000245f7b8b000 JavaThread "C2 CompilerThread0" daemon [_thread_in_native, id=23404, stack(0x0000007ece900000,0x0000007ecea00000)]
  0x00000245f7b8f800 JavaThread "C1 CompilerThread0" daemon [_thread_blocked, id=4040, stack(0x0000007ecea00000,0x0000007eceb00000)]
  0x00000245f7b91800 JavaThread "Sweeper thread" daemon [_thread_blocked, id=16212, stack(0x0000007eceb00000,0x0000007ecec00000)]
  0x00000245f7d30800 JavaThread "Service Thread" daemon [_thread_blocked, id=23840, stack(0x0000007eced00000,0x0000007ecee00000)]
  0x00000245f7d37800 JavaThread "Common-Cleaner" daemon [_thread_blocked, id=22604, stack(0x0000007ecef00000,0x0000007ecf000000)]
=>0x0000024580841000 JavaThread "C2 CompilerThread1" daemon [_thread_in_native, id=23884, stack(0x0000007ecfa00000,0x0000007ecfb00000)]
  0x0000024580634000 JavaThread "C2 CompilerThread2" daemon [_thread_in_native, id=14360, stack(0x0000007ecfb00000,0x0000007ecfc00000)]

Other Threads:
  0x00000245f725f000 VMThread "VM Thread" [stack: 0x0000007ece400000,0x0000007ece500000] [id=6832]
  0x00000245f7d36800 WatcherThread [stack: 0x0000007ecee00000,0x0000007ecef00000] [id=11016]
  0x00000245d339d000 GCTaskThread "GC Thread#0" [stack: 0x0000007ecdf00000,0x0000007ece000000] [id=4304]
  0x00000245f7c3b000 GCTaskThread "GC Thread#1" [stack: 0x0000007ecec00000,0x0000007eced00000] [id=3236]
  0x000002458050f800 GCTaskThread "GC Thread#2" [stack: 0x0000007ecf600000,0x0000007ecf700000] [id=21496]
  0x0000024580510800 GCTaskThread "GC Thread#3" [stack: 0x0000007ecf700000,0x0000007ecf800000] [id=23708]
  0x0000024580511000 GCTaskThread "GC Thread#4" [stack: 0x0000007ecf800000,0x0000007ecf900000] [id=23124]
  0x00000245d33fa000 ConcurrentGCThread "G1 Main Marker" [stack: 0x0000007ece000000,0x0000007ece100000] [id=15372]
  0x00000245d33fb000 ConcurrentGCThread "G1 Conc#0" [stack: 0x0000007ece100000,0x0000007ece200000] [id=21140]
  0x00000245f87eb000 ConcurrentGCThread "G1 Conc#1" [stack: 0x0000007ecf900000,0x0000007ecfa00000] [id=2368]
  0x00000245805c7800 ConcurrentGCThread "G1 Conc#2" [stack: 0x0000007ecfc00000,0x0000007ecfd00000] [id=18048]
  0x00000245f714c000 ConcurrentGCThread "G1 Refine#0" [stack: 0x0000007ece200000,0x0000007ece300000] [id=19400]
  0x00000245f714d000 ConcurrentGCThread "G1 Young RemSet Sampling" [stack: 0x0000007ece300000,0x0000007ece400000] [id=20684]

Threads with active compile tasks:
C2 CompilerThread01262       4       jdk.internal.module.SystemModuleFinders$SystemModuleReader::find (54 bytes)
C2 CompilerThread11263  s    4       jdk.internal.jimage.BasicImageReader::findLocation (115 bytes)
C2 CompilerThread21264       4       jdk.internal.module.SystemModuleFinders$SystemModuleReader::findImageLocation (42 bytes)

VM state:not at safepoint (normal execution)

VM Mutex/Monitor currently owned by a thread: None

Heap address: 0x000000070a000000, size: 3936 MB, Compressed Oops mode: Zero based, Oop shift amount: 3
Narrow klass base: 0x0000000800000000, Narrow klass shift: 0
Compressed class space size: 1073741824 Address: 0x0000000800000000

Heap:
 garbage-first heap   total 251904K, used 4734K [0x000000070a000000, 0x0000000800000000)
  region size 1024K, 6 young (6144K), 5 survivors (5120K)
 Metaspace       used 14405K, capacity 14680K, committed 14976K, reserved 1069056K
  class space    used 1236K, capacity 1308K, committed 1408K, reserved 1048576K
Heap Regions: E=young(eden), S=young(survivor), O=old, HS=humongous(starts), HC=humongous(continues), CS=collection set, F=free, A=archive, TAMS=top-at-mark-start (previous, next)
|   0|0x000000070a000000, 0x000000070a000000, 0x000000070a100000|  0%| F|  |TAMS 0x000000070a000000, 0x000000070a000000| Untracked 
|   1|0x000000070a100000, 0x000000070a100000, 0x000000070a200000|  0%| F|  |TAMS 0x000000070a100000, 0x000000070a100000| Untracked 
|   2|0x000000070a200000, 0x000000070a200000, 0x000000070a300000|  0%| F|  |TAMS 0x000000070a200000, 0x000000070a200000| Untracked 
|   3|0x000000070a300000, 0x000000070a300000, 0x000000070a400000|  0%| F|  |TAMS 0x000000070a300000, 0x000000070a300000| Untracked 
|   4|0x000000070a400000, 0x000000070a400000, 0x000000070a500000|  0%| F|  |TAMS 0x000000070a400000, 0x000000070a400000| Untracked 
|   5|0x000000070a500000, 0x000000070a500000, 0x000000070a600000|  0%| F|  |TAMS 0x000000070a500000, 0x000000070a500000| Untracked 
|   6|0x000000070a600000, 0x000000070a600000, 0x000000070a700000|  0%| F|  |TAMS 0x000000070a600000, 0x000000070a600000| Untracked 
|   7|0x000000070a700000, 0x000000070a700000, 0x000000070a800000|  0%| F|  |TAMS 0x000000070a700000, 0x000000070a700000| Untracked 
|   8|0x000000070a800000, 0x000000070a800000, 0x000000070a900000|  0%| F|  |TAMS 0x000000070a800000, 0x000000070a800000| Untracked 
|   9|0x000000070a900000, 0x000000070a900000, 0x000000070aa00000|  0%| F|  |TAMS 0x000000070a900000, 0x000000070a900000| Untracked 
|  10|0x000000070aa00000, 0x000000070aa00000, 0x000000070ab00000|  0%| F|  |TAMS 0x000000070aa00000, 0x000000070aa00000| Untracked 
|  11|0x000000070ab00000, 0x000000070ab00000, 0x000000070ac00000|  0%| F|  |TAMS 0x000000070ab00000, 0x000000070ab00000| Untracked 
|  12|0x000000070ac00000, 0x000000070ac00000, 0x000000070ad00000|  0%| F|  |TAMS 0x000000070ac00000, 0x000000070ac00000| Untracked 
|  13|0x000000070ad00000, 0x000000070ad00000, 0x000000070ae00000|  0%| F|  |TAMS 0x000000070ad00000, 0x000000070ad00000| Untracked 
|  14|0x000000070ae00000, 0x000000070ae00000, 0x000000070af00000|  0%| F|  |TAMS 0x000000070ae00000, 0x000000070ae00000| Untracked 
|  15|0x000000070af00000, 0x000000070af00000, 0x000000070b000000|  0%| F|  |TAMS 0x000000070af00000, 0x000000070af00000| Untracked 
|  16|0x000000070b000000, 0x000000070b000000, 0x000000070b100000|  0%| F|  |TAMS 0x000000070b000000, 0x000000070b000000| Untracked 
|  17|0x000000070b100000, 0x000000070b100000, 0x000000070b200000|  0%| F|  |TAMS 0x000000070b100000, 0x000000070b100000| Untracked 
|  18|0x000000070b200000, 0x000000070b200000, 0x000000070b300000|  0%| F|  |TAMS 0x000000070b200000, 0x000000070b200000| Untracked 
|  19|0x000000070b300000, 0x000000070b300000, 0x000000070b400000|  0%| F|  |TAMS 0x000000070b300000, 0x000000070b300000| Untracked 
|  20|0x000000070b400000, 0x000000070b400000, 0x000000070b500000|  0%| F|  |TAMS 0x000000070b400000, 0x000000070b400000| Untracked 
|  21|0x000000070b500000, 0x000000070b500000, 0x000000070b600000|  0%| F|  |TAMS 0x000000070b500000, 0x000000070b500000| Untracked 
|  22|0x000000070b600000, 0x000000070b600000, 0x000000070b700000|  0%| F|  |TAMS 0x000000070b600000, 0x000000070b600000| Untracked 
|  23|0x000000070b700000, 0x000000070b700000, 0x000000070b800000|  0%| F|  |TAMS 0x000000070b700000, 0x000000070b700000| Untracked 
|  24|0x000000070b800000, 0x000000070b800000, 0x000000070b900000|  0%| F|  |TAMS 0x000000070b800000, 0x000000070b800000| Untracked 
|  25|0x000000070b900000, 0x000000070b900000, 0x000000070ba00000|  0%| F|  |TAMS 0x000000070b900000, 0x000000070b900000| Untracked 
|  26|0x000000070ba00000, 0x000000070ba00000, 0x000000070bb00000|  0%| F|  |TAMS 0x000000070ba00000, 0x000000070ba00000| Untracked 
|  27|0x000000070bb00000, 0x000000070bb00000, 0x000000070bc00000|  0%| F|  |TAMS 0x000000070bb00000, 0x000000070bb00000| Untracked 
|  28|0x000000070bc00000, 0x000000070bc00000, 0x000000070bd00000|  0%| F|  |TAMS 0x000000070bc00000, 0x000000070bc00000| Untracked 
|  29|0x000000070bd00000, 0x000000070bd00000, 0x000000070be00000|  0%| F|  |TAMS 0x000000070bd00000, 0x000000070bd00000| Untracked 
|  30|0x000000070be00000, 0x000000070be00000, 0x000000070bf00000|  0%| F|  |TAMS 0x000000070be00000, 0x000000070be00000| Untracked 
|  31|0x000000070bf00000, 0x000000070bf00000, 0x000000070c000000|  0%| F|  |TAMS 0x000000070bf00000, 0x000000070bf00000| Untracked 
|  32|0x000000070c000000, 0x000000070c000000, 0x000000070c100000|  0%| F|  |TAMS 0x000000070c000000, 0x000000070c000000| Untracked 
|  33|0x000000070c100000, 0x000000070c100000, 0x000000070c200000|  0%| F|  |TAMS 0x000000070c100000, 0x000000070c100000| Untracked 
|  34|0x000000070c200000, 0x000000070c200000, 0x000000070c300000|  0%| F|  |TAMS 0x000000070c200000, 0x000000070c200000| Untracked 
|  35|0x000000070c300000, 0x000000070c300000, 0x000000070c400000|  0%| F|  |TAMS 0x000000070c300000, 0x000000070c300000| Untracked 
|  36|0x000000070c400000, 0x000000070c400000, 0x000000070c500000|  0%| F|  |TAMS 0x000000070c400000, 0x000000070c400000| Untracked 
|  37|0x000000070c500000, 0x000000070c500000, 0x000000070c600000|  0%| F|  |TAMS 0x000000070c500000, 0x000000070c500000| Untracked 
|  38|0x000000070c600000, 0x000000070c600000, 0x000000070c700000|  0%| F|  |TAMS 0x000000070c600000, 0x000000070c600000| Untracked 
|  39|0x000000070c700000, 0x000000070c700000, 0x000000070c800000|  0%| F|  |TAMS 0x000000070c700000, 0x000000070c700000| Untracked 
|  40|0x000000070c800000, 0x000000070c800000, 0x000000070c900000|  0%| F|  |TAMS 0x000000070c800000, 0x000000070c800000| Untracked 
|  41|0x000000070c900000, 0x000000070c900000, 0x000000070ca00000|  0%| F|  |TAMS 0x000000070c900000, 0x000000070c900000| Untracked 
|  42|0x000000070ca00000, 0x000000070ca00000, 0x000000070cb00000|  0%| F|  |TAMS 0x000000070ca00000, 0x000000070ca00000| Untracked 
|  43|0x000000070cb00000, 0x000000070cb00000, 0x000000070cc00000|  0%| F|  |TAMS 0x000000070cb00000, 0x000000070cb00000| Untracked 
|  44|0x000000070cc00000, 0x000000070cc00000, 0x000000070cd00000|  0%| F|  |TAMS 0x000000070cc00000, 0x000000070cc00000| Untracked 
|  45|0x000000070cd00000, 0x000000070cd00000, 0x000000070ce00000|  0%| F|  |TAMS 0x000000070cd00000, 0x000000070cd00000| Untracked 
|  46|0x000000070ce00000, 0x000000070ce00000, 0x000000070cf00000|  0%| F|  |TAMS 0x000000070ce00000, 0x000000070ce00000| Untracked 
|  47|0x000000070cf00000, 0x000000070cf00000, 0x000000070d000000|  0%| F|  |TAMS 0x000000070cf00000, 0x000000070cf00000| Untracked 
|  48|0x000000070d000000, 0x000000070d000000, 0x000000070d100000|  0%| F|  |TAMS 0x000000070d000000, 0x000000070d000000| Untracked 
|  49|0x000000070d100000, 0x000000070d100000, 0x000000070d200000|  0%| F|  |TAMS 0x000000070d100000, 0x000000070d100000| Untracked 
|  50|0x000000070d200000, 0x000000070d200000, 0x000000070d300000|  0%| F|  |TAMS 0x000000070d200000, 0x000000070d200000| Untracked 
|  51|0x000000070d300000, 0x000000070d300000, 0x000000070d400000|  0%| F|  |TAMS 0x000000070d300000, 0x000000070d300000| Untracked 
|  52|0x000000070d400000, 0x000000070d400000, 0x000000070d500000|  0%| F|  |TAMS 0x000000070d400000, 0x000000070d400000| Untracked 
|  53|0x000000070d500000, 0x000000070d500000, 0x000000070d600000|  0%| F|  |TAMS 0x000000070d500000, 0x000000070d500000| Untracked 
|  54|0x000000070d600000, 0x000000070d600000, 0x000000070d700000|  0%| F|  |TAMS 0x000000070d600000, 0x000000070d600000| Untracked 
|  55|0x000000070d700000, 0x000000070d700000, 0x000000070d800000|  0%| F|  |TAMS 0x000000070d700000, 0x000000070d700000| Untracked 
|  56|0x000000070d800000, 0x000000070d800000, 0x000000070d900000|  0%| F|  |TAMS 0x000000070d800000, 0x000000070d800000| Untracked 
|  57|0x000000070d900000, 0x000000070d900000, 0x000000070da00000|  0%| F|  |TAMS 0x000000070d900000, 0x000000070d900000| Untracked 
|  58|0x000000070da00000, 0x000000070da00000, 0x000000070db00000|  0%| F|  |TAMS 0x000000070da00000, 0x000000070da00000| Untracked 
|  59|0x000000070db00000, 0x000000070db00000, 0x000000070dc00000|  0%| F|  |TAMS 0x000000070db00000, 0x000000070db00000| Untracked 
|  60|0x000000070dc00000, 0x000000070dc00000, 0x000000070dd00000|  0%| F|  |TAMS 0x000000070dc00000, 0x000000070dc00000| Untracked 
|  61|0x000000070dd00000, 0x000000070dd00000, 0x000000070de00000|  0%| F|  |TAMS 0x000000070dd00000, 0x000000070dd00000| Untracked 
|  62|0x000000070de00000, 0x000000070de00000, 0x000000070df00000|  0%| F|  |TAMS 0x000000070de00000, 0x000000070de00000| Untracked 
|  63|0x000000070df00000, 0x000000070df00000, 0x000000070e000000|  0%| F|  |TAMS 0x000000070df00000, 0x000000070df00000| Untracked 
|  64|0x000000070e000000, 0x000000070e000000, 0x000000070e100000|  0%| F|  |TAMS 0x000000070e000000, 0x000000070e000000| Untracked 
|  65|0x000000070e100000, 0x000000070e100000, 0x000000070e200000|  0%| F|  |TAMS 0x000000070e100000, 0x000000070e100000| Untracked 
|  66|0x000000070e200000, 0x000000070e200000, 0x000000070e300000|  0%| F|  |TAMS 0x000000070e200000, 0x000000070e200000| Untracked 
|  67|0x000000070e300000, 0x000000070e300000, 0x000000070e400000|  0%| F|  |TAMS 0x000000070e300000, 0x000000070e300000| Untracked 
|  68|0x000000070e400000, 0x000000070e400000, 0x000000070e500000|  0%| F|  |TAMS 0x000000070e400000, 0x000000070e400000| Untracked 
|  69|0x000000070e500000, 0x000000070e500000, 0x000000070e600000|  0%| F|  |TAMS 0x000000070e500000, 0x000000070e500000| Untracked 
|  70|0x000000070e600000, 0x000000070e600000, 0x000000070e700000|  0%| F|  |TAMS 0x000000070e600000, 0x000000070e600000| Untracked 
|  71|0x000000070e700000, 0x000000070e700000, 0x000000070e800000|  0%| F|  |TAMS 0x000000070e700000, 0x000000070e700000| Untracked 
|  72|0x000000070e800000, 0x000000070e800000, 0x000000070e900000|  0%| F|  |TAMS 0x000000070e800000, 0x000000070e800000| Untracked 
|  73|0x000000070e900000, 0x000000070e900000, 0x000000070ea00000|  0%| F|  |TAMS 0x000000070e900000, 0x000000070e900000| Untracked 
|  74|0x000000070ea00000, 0x000000070ea00000, 0x000000070eb00000|  0%| F|  |TAMS 0x000000070ea00000, 0x000000070ea00000| Untracked 
|  75|0x000000070eb00000, 0x000000070eb00000, 0x000000070ec00000|  0%| F|  |TAMS 0x000000070eb00000, 0x000000070eb00000| Untracked 
|  76|0x000000070ec00000, 0x000000070ec00000, 0x000000070ed00000|  0%| F|  |TAMS 0x000000070ec00000, 0x000000070ec00000| Untracked 
|  77|0x000000070ed00000, 0x000000070ed00000, 0x000000070ee00000|  0%| F|  |TAMS 0x000000070ed00000, 0x000000070ed00000| Untracked 
|  78|0x000000070ee00000, 0x000000070ee00000, 0x000000070ef00000|  0%| F|  |TAMS 0x000000070ee00000, 0x000000070ee00000| Untracked 
|  79|0x000000070ef00000, 0x000000070ef00000, 0x000000070f000000|  0%| F|  |TAMS 0x000000070ef00000, 0x000000070ef00000| Untracked 
|  80|0x000000070f000000, 0x000000070f000000, 0x000000070f100000|  0%| F|  |TAMS 0x000000070f000000, 0x000000070f000000| Untracked 
|  81|0x000000070f100000, 0x000000070f100000, 0x000000070f200000|  0%| F|  |TAMS 0x000000070f100000, 0x000000070f100000| Untracked 
|  82|0x000000070f200000, 0x000000070f200000, 0x000000070f300000|  0%| F|  |TAMS 0x000000070f200000, 0x000000070f200000| Untracked 
|  83|0x000000070f300000, 0x000000070f300000, 0x000000070f400000|  0%| F|  |TAMS 0x000000070f300000, 0x000000070f300000| Untracked 
|  84|0x000000070f400000, 0x000000070f400000, 0x000000070f500000|  0%| F|  |TAMS 0x000000070f400000, 0x000000070f400000| Untracked 
|  85|0x000000070f500000, 0x000000070f500000, 0x000000070f600000|  0%| F|  |TAMS 0x000000070f500000, 0x000000070f500000| Untracked 
|  86|0x000000070f600000, 0x000000070f600000, 0x000000070f700000|  0%| F|  |TAMS 0x000000070f600000, 0x000000070f600000| Untracked 
|  87|0x000000070f700000, 0x000000070f700000, 0x000000070f800000|  0%| F|  |TAMS 0x000000070f700000, 0x000000070f700000| Untracked 
|  88|0x000000070f800000, 0x000000070f800000, 0x000000070f900000|  0%| F|  |TAMS 0x000000070f800000, 0x000000070f800000| Untracked 
|  89|0x000000070f900000, 0x000000070f900000, 0x000000070fa00000|  0%| F|  |TAMS 0x000000070f900000, 0x000000070f900000| Untracked 
|  90|0x000000070fa00000, 0x000000070fa00000, 0x000000070fb00000|  0%| F|  |TAMS 0x000000070fa00000, 0x000000070fa00000| Untracked 
|  91|0x000000070fb00000, 0x000000070fb00000, 0x000000070fc00000|  0%| F|  |TAMS 0x000000070fb00000, 0x000000070fb00000| Untracked 
|  92|0x000000070fc00000, 0x000000070fc00000, 0x000000070fd00000|  0%| F|  |TAMS 0x000000070fc00000, 0x000000070fc00000| Untracked 
|  93|0x000000070fd00000, 0x000000070fd00000, 0x000000070fe00000|  0%| F|  |TAMS 0x000000070fd00000, 0x000000070fd00000| Untracked 
|  94|0x000000070fe00000, 0x000000070fe00000, 0x000000070ff00000|  0%| F|  |TAMS 0x000000070fe00000, 0x000000070fe00000| Untracked 
|  95|0x000000070ff00000, 0x000000070ff00000, 0x0000000710000000|  0%| F|  |TAMS 0x000000070ff00000, 0x000000070ff00000| Untracked 
|  96|0x0000000710000000, 0x0000000710000000, 0x0000000710100000|  0%| F|  |TAMS 0x0000000710000000, 0x0000000710000000| Untracked 
|  97|0x0000000710100000, 0x0000000710100000, 0x0000000710200000|  0%| F|  |TAMS 0x0000000710100000, 0x0000000710100000| Untracked 
|  98|0x0000000710200000, 0x0000000710200000, 0x0000000710300000|  0%| F|  |TAMS 0x0000000710200000, 0x0000000710200000| Untracked 
|  99|0x0000000710300000, 0x0000000710300000, 0x0000000710400000|  0%| F|  |TAMS 0x0000000710300000, 0x0000000710300000| Untracked 
| 100|0x0000000710400000, 0x0000000710400000, 0x0000000710500000|  0%| F|  |TAMS 0x0000000710400000, 0x0000000710400000| Untracked 
| 101|0x0000000710500000, 0x0000000710500000, 0x0000000710600000|  0%| F|  |TAMS 0x0000000710500000, 0x0000000710500000| Untracked 
| 102|0x0000000710600000, 0x0000000710600000, 0x0000000710700000|  0%| F|  |TAMS 0x0000000710600000, 0x0000000710600000| Untracked 
| 103|0x0000000710700000, 0x0000000710700000, 0x0000000710800000|  0%| F|  |TAMS 0x0000000710700000, 0x0000000710700000| Untracked 
| 104|0x0000000710800000, 0x0000000710800000, 0x0000000710900000|  0%| F|  |TAMS 0x0000000710800000, 0x0000000710800000| Untracked 
| 105|0x0000000710900000, 0x0000000710900000, 0x0000000710a00000|  0%| F|  |TAMS 0x0000000710900000, 0x0000000710900000| Untracked 
| 106|0x0000000710a00000, 0x0000000710a00000, 0x0000000710b00000|  0%| F|  |TAMS 0x0000000710a00000, 0x0000000710a00000| Untracked 
| 107|0x0000000710b00000, 0x0000000710b00000, 0x0000000710c00000|  0%| F|  |TAMS 0x0000000710b00000, 0x0000000710b00000| Untracked 
| 108|0x0000000710c00000, 0x0000000710c00000, 0x0000000710d00000|  0%| F|  |TAMS 0x0000000710c00000, 0x0000000710c00000| Untracked 
| 109|0x0000000710d00000, 0x0000000710d00000, 0x0000000710e00000|  0%| F|  |TAMS 0x0000000710d00000, 0x0000000710d00000| Untracked 
| 110|0x0000000710e00000, 0x0000000710e00000, 0x0000000710f00000|  0%| F|  |TAMS 0x0000000710e00000, 0x0000000710e00000| Untracked 
| 111|0x0000000710f00000, 0x0000000710f00000, 0x0000000711000000|  0%| F|  |TAMS 0x0000000710f00000, 0x0000000710f00000| Untracked 
| 112|0x0000000711000000, 0x0000000711000000, 0x0000000711100000|  0%| F|  |TAMS 0x0000000711000000, 0x0000000711000000| Untracked 
| 113|0x0000000711100000, 0x0000000711100000, 0x0000000711200000|  0%| F|  |TAMS 0x0000000711100000, 0x0000000711100000| Untracked 
| 114|0x0000000711200000, 0x0000000711200000, 0x0000000711300000|  0%| F|  |TAMS 0x0000000711200000, 0x0000000711200000| Untracked 
| 115|0x0000000711300000, 0x0000000711300000, 0x0000000711400000|  0%| F|  |TAMS 0x0000000711300000, 0x0000000711300000| Untracked 
| 116|0x0000000711400000, 0x0000000711400000, 0x0000000711500000|  0%| F|  |TAMS 0x0000000711400000, 0x0000000711400000| Untracked 
| 117|0x0000000711500000, 0x0000000711500000, 0x0000000711600000|  0%| F|  |TAMS 0x0000000711500000, 0x0000000711500000| Untracked 
| 118|0x0000000711600000, 0x0000000711600000, 0x0000000711700000|  0%| F|  |TAMS 0x0000000711600000, 0x0000000711600000| Untracked 
| 119|0x0000000711700000, 0x0000000711700000, 0x0000000711800000|  0%| F|  |TAMS 0x0000000711700000, 0x0000000711700000| Untracked 
| 120|0x0000000711800000, 0x0000000711800000, 0x0000000711900000|  0%| F|  |TAMS 0x0000000711800000, 0x0000000711800000| Untracked 
| 121|0x0000000711900000, 0x0000000711900000, 0x0000000711a00000|  0%| F|  |TAMS 0x0000000711900000, 0x0000000711900000| Untracked 
| 122|0x0000000711a00000, 0x0000000711a00000, 0x0000000711b00000|  0%| F|  |TAMS 0x0000000711a00000, 0x0000000711a00000| Untracked 
| 123|0x0000000711b00000, 0x0000000711b00000, 0x0000000711c00000|  0%| F|  |TAMS 0x0000000711b00000, 0x0000000711b00000| Untracked 
| 124|0x0000000711c00000, 0x0000000711c00000, 0x0000000711d00000|  0%| F|  |TAMS 0x0000000711c00000, 0x0000000711c00000| Untracked 
| 125|0x0000000711d00000, 0x0000000711d00000, 0x0000000711e00000|  0%| F|  |TAMS 0x0000000711d00000, 0x0000000711d00000| Untracked 
| 126|0x0000000711e00000, 0x0000000711e00000, 0x0000000711f00000|  0%| F|  |TAMS 0x0000000711e00000, 0x0000000711e00000| Untracked 
| 127|0x0000000711f00000, 0x0000000711f00000, 0x0000000712000000|  0%| F|  |TAMS 0x0000000711f00000, 0x0000000711f00000| Untracked 
| 128|0x0000000712000000, 0x0000000712000000, 0x0000000712100000|  0%| F|  |TAMS 0x0000000712000000, 0x0000000712000000| Untracked 
| 129|0x0000000712100000, 0x0000000712100000, 0x0000000712200000|  0%| F|  |TAMS 0x0000000712100000, 0x0000000712100000| Untracked 
| 130|0x0000000712200000, 0x0000000712200000, 0x0000000712300000|  0%| F|  |TAMS 0x0000000712200000, 0x0000000712200000| Untracked 
| 131|0x0000000712300000, 0x0000000712300000, 0x0000000712400000|  0%| F|  |TAMS 0x0000000712300000, 0x0000000712300000| Untracked 
| 132|0x0000000712400000, 0x0000000712400000, 0x0000000712500000|  0%| F|  |TAMS 0x0000000712400000, 0x0000000712400000| Untracked 
| 133|0x0000000712500000, 0x0000000712500000, 0x0000000712600000|  0%| F|  |TAMS 0x0000000712500000, 0x0000000712500000| Untracked 
| 134|0x0000000712600000, 0x0000000712600000, 0x0000000712700000|  0%| F|  |TAMS 0x0000000712600000, 0x0000000712600000| Untracked 
| 135|0x0000000712700000, 0x0000000712700000, 0x0000000712800000|  0%| F|  |TAMS 0x0000000712700000, 0x0000000712700000| Untracked 
| 136|0x0000000712800000, 0x0000000712800000, 0x0000000712900000|  0%| F|  |TAMS 0x0000000712800000, 0x0000000712800000| Untracked 
| 137|0x0000000712900000, 0x0000000712900000, 0x0000000712a00000|  0%| F|  |TAMS 0x0000000712900000, 0x0000000712900000| Untracked 
| 138|0x0000000712a00000, 0x0000000712a00000, 0x0000000712b00000|  0%| F|  |TAMS 0x0000000712a00000, 0x0000000712a00000| Untracked 
| 139|0x0000000712b00000, 0x0000000712b00000, 0x0000000712c00000|  0%| F|  |TAMS 0x0000000712b00000, 0x0000000712b00000| Untracked 
| 140|0x0000000712c00000, 0x0000000712c00000, 0x0000000712d00000|  0%| F|  |TAMS 0x0000000712c00000, 0x0000000712c00000| Untracked 
| 141|0x0000000712d00000, 0x0000000712d00000, 0x0000000712e00000|  0%| F|  |TAMS 0x0000000712d00000, 0x0000000712d00000| Untracked 
| 142|0x0000000712e00000, 0x0000000712e00000, 0x0000000712f00000|  0%| F|  |TAMS 0x0000000712e00000, 0x0000000712e00000| Untracked 
| 143|0x0000000712f00000, 0x0000000712f00000, 0x0000000713000000|  0%| F|  |TAMS 0x0000000712f00000, 0x0000000712f00000| Untracked 
| 144|0x0000000713000000, 0x0000000713000000, 0x0000000713100000|  0%| F|  |TAMS 0x0000000713000000, 0x0000000713000000| Untracked 
| 145|0x0000000713100000, 0x0000000713100000, 0x0000000713200000|  0%| F|  |TAMS 0x0000000713100000, 0x0000000713100000| Untracked 
| 146|0x0000000713200000, 0x0000000713200000, 0x0000000713300000|  0%| F|  |TAMS 0x0000000713200000, 0x0000000713200000| Untracked 
| 147|0x0000000713300000, 0x0000000713300000, 0x0000000713400000|  0%| F|  |TAMS 0x0000000713300000, 0x0000000713300000| Untracked 
| 148|0x0000000713400000, 0x0000000713400000, 0x0000000713500000|  0%| F|  |TAMS 0x0000000713400000, 0x0000000713400000| Untracked 
| 149|0x0000000713500000, 0x0000000713500000, 0x0000000713600000|  0%| F|  |TAMS 0x0000000713500000, 0x0000000713500000| Untracked 
| 150|0x0000000713600000, 0x0000000713600000, 0x0000000713700000|  0%| F|  |TAMS 0x0000000713600000, 0x0000000713600000| Untracked 
| 151|0x0000000713700000, 0x0000000713700000, 0x0000000713800000|  0%| F|  |TAMS 0x0000000713700000, 0x0000000713700000| Untracked 
| 152|0x0000000713800000, 0x0000000713800000, 0x0000000713900000|  0%| F|  |TAMS 0x0000000713800000, 0x0000000713800000| Untracked 
| 153|0x0000000713900000, 0x0000000713900000, 0x0000000713a00000|  0%| F|  |TAMS 0x0000000713900000, 0x0000000713900000| Untracked 
| 154|0x0000000713a00000, 0x0000000713a00000, 0x0000000713b00000|  0%| F|  |TAMS 0x0000000713a00000, 0x0000000713a00000| Untracked 
| 155|0x0000000713b00000, 0x0000000713b00000, 0x0000000713c00000|  0%| F|  |TAMS 0x0000000713b00000, 0x0000000713b00000| Untracked 
| 156|0x0000000713c00000, 0x0000000713c00000, 0x0000000713d00000|  0%| F|  |TAMS 0x0000000713c00000, 0x0000000713c00000| Untracked 
| 157|0x0000000713d00000, 0x0000000713d00000, 0x0000000713e00000|  0%| F|  |TAMS 0x0000000713d00000, 0x0000000713d00000| Untracked 
| 158|0x0000000713e00000, 0x0000000713e00000, 0x0000000713f00000|  0%| F|  |TAMS 0x0000000713e00000, 0x0000000713e00000| Untracked 
| 159|0x0000000713f00000, 0x0000000713f00000, 0x0000000714000000|  0%| F|  |TAMS 0x0000000713f00000, 0x0000000713f00000| Untracked 
| 160|0x0000000714000000, 0x0000000714000000, 0x0000000714100000|  0%| F|  |TAMS 0x0000000714000000, 0x0000000714000000| Untracked 
| 161|0x0000000714100000, 0x0000000714100000, 0x0000000714200000|  0%| F|  |TAMS 0x0000000714100000, 0x0000000714100000| Untracked 
| 162|0x0000000714200000, 0x0000000714200000, 0x0000000714300000|  0%| F|  |TAMS 0x0000000714200000, 0x0000000714200000| Untracked 
| 163|0x0000000714300000, 0x0000000714300000, 0x0000000714400000|  0%| F|  |TAMS 0x0000000714300000, 0x0000000714300000| Untracked 
| 164|0x0000000714400000, 0x0000000714400000, 0x0000000714500000|  0%| F|  |TAMS 0x0000000714400000, 0x0000000714400000| Untracked 
| 165|0x0000000714500000, 0x0000000714500000, 0x0000000714600000|  0%| F|  |TAMS 0x0000000714500000, 0x0000000714500000| Untracked 
| 166|0x0000000714600000, 0x0000000714600000, 0x0000000714700000|  0%| F|  |TAMS 0x0000000714600000, 0x0000000714600000| Untracked 
| 167|0x0000000714700000, 0x0000000714700000, 0x0000000714800000|  0%| F|  |TAMS 0x0000000714700000, 0x0000000714700000| Untracked 
| 168|0x0000000714800000, 0x0000000714800000, 0x0000000714900000|  0%| F|  |TAMS 0x0000000714800000, 0x0000000714800000| Untracked 
| 169|0x0000000714900000, 0x0000000714900000, 0x0000000714a00000|  0%| F|  |TAMS 0x0000000714900000, 0x0000000714900000| Untracked 
| 170|0x0000000714a00000, 0x0000000714a00000, 0x0000000714b00000|  0%| F|  |TAMS 0x0000000714a00000, 0x0000000714a00000| Untracked 
| 171|0x0000000714b00000, 0x0000000714b00000, 0x0000000714c00000|  0%| F|  |TAMS 0x0000000714b00000, 0x0000000714b00000| Untracked 
| 172|0x0000000714c00000, 0x0000000714c00000, 0x0000000714d00000|  0%| F|  |TAMS 0x0000000714c00000, 0x0000000714c00000| Untracked 
| 173|0x0000000714d00000, 0x0000000714d00000, 0x0000000714e00000|  0%| F|  |TAMS 0x0000000714d00000, 0x0000000714d00000| Untracked 
| 174|0x0000000714e00000, 0x0000000714e00000, 0x0000000714f00000|  0%| F|  |TAMS 0x0000000714e00000, 0x0000000714e00000| Untracked 
| 175|0x0000000714f00000, 0x0000000714f00000, 0x0000000715000000|  0%| F|  |TAMS 0x0000000714f00000, 0x0000000714f00000| Untracked 
| 176|0x0000000715000000, 0x0000000715000000, 0x0000000715100000|  0%| F|  |TAMS 0x0000000715000000, 0x0000000715000000| Untracked 
| 177|0x0000000715100000, 0x0000000715100000, 0x0000000715200000|  0%| F|  |TAMS 0x0000000715100000, 0x0000000715100000| Untracked 
| 178|0x0000000715200000, 0x0000000715200000, 0x0000000715300000|  0%| F|  |TAMS 0x0000000715200000, 0x0000000715200000| Untracked 
| 179|0x0000000715300000, 0x0000000715300000, 0x0000000715400000|  0%| F|  |TAMS 0x0000000715300000, 0x0000000715300000| Untracked 
| 180|0x0000000715400000, 0x0000000715400000, 0x0000000715500000|  0%| F|  |TAMS 0x0000000715400000, 0x0000000715400000| Untracked 
| 181|0x0000000715500000, 0x0000000715500000, 0x0000000715600000|  0%| F|  |TAMS 0x0000000715500000, 0x0000000715500000| Untracked 
| 182|0x0000000715600000, 0x0000000715600000, 0x0000000715700000|  0%| F|  |TAMS 0x0000000715600000, 0x0000000715600000| Untracked 
| 183|0x0000000715700000, 0x0000000715700000, 0x0000000715800000|  0%| F|  |TAMS 0x0000000715700000, 0x0000000715700000| Untracked 
| 184|0x0000000715800000, 0x0000000715800000, 0x0000000715900000|  0%| F|  |TAMS 0x0000000715800000, 0x0000000715800000| Untracked 
| 185|0x0000000715900000, 0x0000000715900000, 0x0000000715a00000|  0%| F|  |TAMS 0x0000000715900000, 0x0000000715900000| Untracked 
| 186|0x0000000715a00000, 0x0000000715a00000, 0x0000000715b00000|  0%| F|  |TAMS 0x0000000715a00000, 0x0000000715a00000| Untracked 
| 187|0x0000000715b00000, 0x0000000715b00000, 0x0000000715c00000|  0%| F|  |TAMS 0x0000000715b00000, 0x0000000715b00000| Untracked 
| 188|0x0000000715c00000, 0x0000000715c00000, 0x0000000715d00000|  0%| F|  |TAMS 0x0000000715c00000, 0x0000000715c00000| Untracked 
| 189|0x0000000715d00000, 0x0000000715d00000, 0x0000000715e00000|  0%| F|  |TAMS 0x0000000715d00000, 0x0000000715d00000| Untracked 
| 190|0x0000000715e00000, 0x0000000715e00000, 0x0000000715f00000|  0%| F|  |TAMS 0x0000000715e00000, 0x0000000715e00000| Untracked 
| 191|0x0000000715f00000, 0x0000000715f00000, 0x0000000716000000|  0%| F|  |TAMS 0x0000000715f00000, 0x0000000715f00000| Untracked 
| 192|0x0000000716000000, 0x000000071609fb80, 0x0000000716100000| 62%| S|CS|TAMS 0x0000000716000000, 0x0000000716000000| Complete 
| 193|0x0000000716100000, 0x0000000716200000, 0x0000000716200000|100%| S|CS|TAMS 0x0000000716100000, 0x0000000716100000| Complete 
| 194|0x0000000716200000, 0x0000000716300000, 0x0000000716300000|100%| S|CS|TAMS 0x0000000716200000, 0x0000000716200000| Complete 
| 195|0x0000000716300000, 0x0000000716400000, 0x0000000716400000|100%| S|CS|TAMS 0x0000000716300000, 0x0000000716300000| Complete 
| 196|0x0000000716400000, 0x0000000716500000, 0x0000000716500000|100%| S|CS|TAMS 0x0000000716400000, 0x0000000716400000| Complete 
| 197|0x0000000716500000, 0x0000000716500000, 0x0000000716600000|  0%| F|  |TAMS 0x0000000716500000, 0x0000000716500000| Untracked 
| 198|0x0000000716600000, 0x0000000716600000, 0x0000000716700000|  0%| F|  |TAMS 0x0000000716600000, 0x0000000716600000| Untracked 
| 199|0x0000000716700000, 0x0000000716700000, 0x0000000716800000|  0%| F|  |TAMS 0x0000000716700000, 0x0000000716700000| Untracked 
| 200|0x0000000716800000, 0x0000000716800000, 0x0000000716900000|  0%| F|  |TAMS 0x0000000716800000, 0x0000000716800000| Untracked 
| 201|0x0000000716900000, 0x0000000716900000, 0x0000000716a00000|  0%| F|  |TAMS 0x0000000716900000, 0x0000000716900000| Untracked 
| 202|0x0000000716a00000, 0x0000000716a00000, 0x0000000716b00000|  0%| F|  |TAMS 0x0000000716a00000, 0x0000000716a00000| Untracked 
| 203|0x0000000716b00000, 0x0000000716b00000, 0x0000000716c00000|  0%| F|  |TAMS 0x0000000716b00000, 0x0000000716b00000| Untracked 
| 204|0x0000000716c00000, 0x0000000716c00000, 0x0000000716d00000|  0%| F|  |TAMS 0x0000000716c00000, 0x0000000716c00000| Untracked 
| 205|0x0000000716d00000, 0x0000000716d00000, 0x0000000716e00000|  0%| F|  |TAMS 0x0000000716d00000, 0x0000000716d00000| Untracked 
| 206|0x0000000716e00000, 0x0000000716e00000, 0x0000000716f00000|  0%| F|  |TAMS 0x0000000716e00000, 0x0000000716e00000| Untracked 
| 207|0x0000000716f00000, 0x0000000716f00000, 0x0000000717000000|  0%| F|  |TAMS 0x0000000716f00000, 0x0000000716f00000| Untracked 
| 208|0x0000000717000000, 0x0000000717000000, 0x0000000717100000|  0%| F|  |TAMS 0x0000000717000000, 0x0000000717000000| Untracked 
| 209|0x0000000717100000, 0x0000000717100000, 0x0000000717200000|  0%| F|  |TAMS 0x0000000717100000, 0x0000000717100000| Untracked 
| 210|0x0000000717200000, 0x0000000717200000, 0x0000000717300000|  0%| F|  |TAMS 0x0000000717200000, 0x0000000717200000| Untracked 
| 211|0x0000000717300000, 0x0000000717300000, 0x0000000717400000|  0%| F|  |TAMS 0x0000000717300000, 0x0000000717300000| Untracked 
| 212|0x0000000717400000, 0x0000000717400000, 0x0000000717500000|  0%| F|  |TAMS 0x0000000717400000, 0x0000000717400000| Untracked 
| 213|0x0000000717500000, 0x0000000717500000, 0x0000000717600000|  0%| F|  |TAMS 0x0000000717500000, 0x0000000717500000| Untracked 
| 214|0x0000000717600000, 0x0000000717600000, 0x0000000717700000|  0%| F|  |TAMS 0x0000000717600000, 0x0000000717600000| Untracked 
| 215|0x0000000717700000, 0x0000000717700000, 0x0000000717800000|  0%| F|  |TAMS 0x0000000717700000, 0x0000000717700000| Untracked 
| 216|0x0000000717800000, 0x0000000717800000, 0x0000000717900000|  0%| F|  |TAMS 0x0000000717800000, 0x0000000717800000| Untracked 
| 217|0x0000000717900000, 0x0000000717900000, 0x0000000717a00000|  0%| F|  |TAMS 0x0000000717900000, 0x0000000717900000| Untracked 
| 218|0x0000000717a00000, 0x0000000717a00000, 0x0000000717b00000|  0%| F|  |TAMS 0x0000000717a00000, 0x0000000717a00000| Untracked 
| 219|0x0000000717b00000, 0x0000000717b00000, 0x0000000717c00000|  0%| F|  |TAMS 0x0000000717b00000, 0x0000000717b00000| Untracked 
| 220|0x0000000717c00000, 0x0000000717c00000, 0x0000000717d00000|  0%| F|  |TAMS 0x0000000717c00000, 0x0000000717c00000| Untracked 
| 221|0x0000000717d00000, 0x0000000717d00000, 0x0000000717e00000|  0%| F|  |TAMS 0x0000000717d00000, 0x0000000717d00000| Untracked 
| 222|0x0000000717e00000, 0x0000000717e00000, 0x0000000717f00000|  0%| F|  |TAMS 0x0000000717e00000, 0x0000000717e00000| Untracked 
| 223|0x0000000717f00000, 0x0000000717f00000, 0x0000000718000000|  0%| F|  |TAMS 0x0000000717f00000, 0x0000000717f00000| Untracked 
| 224|0x0000000718000000, 0x0000000718000000, 0x0000000718100000|  0%| F|  |TAMS 0x0000000718000000, 0x0000000718000000| Untracked 
| 225|0x0000000718100000, 0x0000000718100000, 0x0000000718200000|  0%| F|  |TAMS 0x0000000718100000, 0x0000000718100000| Untracked 
| 226|0x0000000718200000, 0x0000000718200000, 0x0000000718300000|  0%| F|  |TAMS 0x0000000718200000, 0x0000000718200000| Untracked 
| 227|0x0000000718300000, 0x0000000718300000, 0x0000000718400000|  0%| F|  |TAMS 0x0000000718300000, 0x0000000718300000| Untracked 
| 228|0x0000000718400000, 0x0000000718400000, 0x0000000718500000|  0%| F|  |TAMS 0x0000000718400000, 0x0000000718400000| Untracked 
| 229|0x0000000718500000, 0x0000000718500000, 0x0000000718600000|  0%| F|  |TAMS 0x0000000718500000, 0x0000000718500000| Untracked 
| 230|0x0000000718600000, 0x0000000718600000, 0x0000000718700000|  0%| F|  |TAMS 0x0000000718600000, 0x0000000718600000| Untracked 
| 231|0x0000000718700000, 0x0000000718700000, 0x0000000718800000|  0%| F|  |TAMS 0x0000000718700000, 0x0000000718700000| Untracked 
| 232|0x0000000718800000, 0x0000000718800000, 0x0000000718900000|  0%| F|  |TAMS 0x0000000718800000, 0x0000000718800000| Untracked 
| 233|0x0000000718900000, 0x0000000718900000, 0x0000000718a00000|  0%| F|  |TAMS 0x0000000718900000, 0x0000000718900000| Untracked 
| 234|0x0000000718a00000, 0x0000000718a00000, 0x0000000718b00000|  0%| F|  |TAMS 0x0000000718a00000, 0x0000000718a00000| Untracked 
| 235|0x0000000718b00000, 0x0000000718b00000, 0x0000000718c00000|  0%| F|  |TAMS 0x0000000718b00000, 0x0000000718b00000| Untracked 
| 236|0x0000000718c00000, 0x0000000718c00000, 0x0000000718d00000|  0%| F|  |TAMS 0x0000000718c00000, 0x0000000718c00000| Untracked 
| 237|0x0000000718d00000, 0x0000000718d00000, 0x0000000718e00000|  0%| F|  |TAMS 0x0000000718d00000, 0x0000000718d00000| Untracked 
| 238|0x0000000718e00000, 0x0000000718e00000, 0x0000000718f00000|  0%| F|  |TAMS 0x0000000718e00000, 0x0000000718e00000| Untracked 
| 239|0x0000000718f00000, 0x0000000718f00000, 0x0000000719000000|  0%| F|  |TAMS 0x0000000718f00000, 0x0000000718f00000| Untracked 
| 240|0x0000000719000000, 0x0000000719000000, 0x0000000719100000|  0%| F|  |TAMS 0x0000000719000000, 0x0000000719000000| Untracked 
| 241|0x0000000719100000, 0x0000000719100000, 0x0000000719200000|  0%| F|  |TAMS 0x0000000719100000, 0x0000000719100000| Untracked 
| 242|0x0000000719200000, 0x0000000719200000, 0x0000000719300000|  0%| F|  |TAMS 0x0000000719200000, 0x0000000719200000| Untracked 
| 243|0x0000000719300000, 0x0000000719300000, 0x0000000719400000|  0%| F|  |TAMS 0x0000000719300000, 0x0000000719300000| Untracked 
| 244|0x0000000719400000, 0x0000000719400000, 0x0000000719500000|  0%| F|  |TAMS 0x0000000719400000, 0x0000000719400000| Untracked 
| 245|0x0000000719500000, 0x0000000719600000, 0x0000000719600000|100%| E|  |TAMS 0x0000000719500000, 0x0000000719500000| Complete 

Card table byte_map: [0x00000245eb6e0000,0x00000245ebe90000] _byte_map_base: 0x00000245e7e90000

Marking Bits (Prev, Next): (CMBitMap*) 0x00000245d33e9bf0, (CMBitMap*) 0x00000245d33e9bb8
 Prev Bits: [0x00000245f03c0000, 0x00000245f4140000)
 Next Bits: [0x00000245ec640000, 0x00000245f03c0000)

Polling page: 0x00000245d2b60000

Metaspace:

Usage:
  Non-class:     13.06 MB capacity,    12.88 MB ( 99%) used,   166.00 KB (  1%) free+waste,    16.38 KB ( <1%) overhead. 
      Class:      1.28 MB capacity,     1.21 MB ( 95%) used,    59.61 KB (  5%) free+waste,     6.88 KB ( <1%) overhead. 
       Both:     14.34 MB capacity,    14.09 MB ( 98%) used,   225.61 KB (  2%) free+waste,    23.25 KB ( <1%) overhead. 

Virtual space:
  Non-class space:       20.00 MB reserved,      13.25 MB ( 66%) committed 
      Class space:        1.00 GB reserved,       1.38 MB ( <1%) committed 
             Both:        1.02 GB reserved,      14.63 MB (  1%) committed 

Chunk freelists:
   Non-Class:  8.50 KB
       Class:  512 bytes
        Both:  9.00 KB

CodeHeap 'non-profiled nmethods': size=119168Kb used=799Kb max_used=799Kb free=118368Kb
 bounds [0x00000245e3250000, 0x00000245e34c0000, 0x00000245ea6b0000]
CodeHeap 'profiled nmethods': size=119168Kb used=2699Kb max_used=2699Kb free=116468Kb
 bounds [0x00000245dbdf0000, 0x00000245dc0a0000, 0x00000245e3250000]
CodeHeap 'non-nmethods': size=7424Kb used=1470Kb max_used=2630Kb free=5953Kb
 bounds [0x00000245db6b0000, 0x00000245db9d0000, 0x00000245dbdf0000]
 total_blobs=2681 nmethods=1273 adapters=886
 compilation: enabled
              stopped_count=0, restarted_count=0
 full_count=0

Compilation events (10 events):
Event: 4.942 Thread 0x00000245f7b8f800 1266       3       java.io.FileDescriptor::valid (25 bytes)
Event: 4.942 Thread 0x00000245f7b8f800 nmethod 1266 0x00000245dc08e610 code [0x00000245dc08e7c0, 0x00000245dc08e9b8]
Event: 4.942 Thread 0x00000245f7b8f800 1267       1       sun.net.DefaultProgressMeteringPolicy::shouldMeterInput (2 bytes)
Event: 4.942 Thread 0x00000245f7b8f800 nmethod 1267 0x00000245e3315c10 code [0x00000245e3315dc0, 0x00000245e3315ed8]
Event: 4.943 Thread 0x00000245f7b8f800 1268       1       java.util.concurrent.atomic.AtomicLong::get (5 bytes)
Event: 4.943 Thread 0x00000245f7b8f800 nmethod 1268 0x00000245e3315f90 code [0x00000245e3316140, 0x00000245e3316258]
Event: 4.948 Thread 0x0000024580634000 nmethod 1261 0x00000245e3316310 code [0x00000245e3316500, 0x00000245e3317278]
Event: 4.948 Thread 0x0000024580634000 1264       4       jdk.internal.module.SystemModuleFinders$SystemModuleReader::findImageLocation (42 bytes)
Event: 4.957 Thread 0x00000245f7b8f800 1270       3       java.util.concurrent.ConcurrentHashMap::sumCount (60 bytes)
Event: 4.957 Thread 0x00000245f7b8f800 nmethod 1270 0x00000245dc08ea90 code [0x00000245dc08ec60, 0x00000245dc08ef18]

GC Heap History (2 events):
Event: 3.141 GC heap before
{Heap before GC invocations=0 (full 0):
 garbage-first heap   total 251904K, used 23552K [0x000000070a000000, 0x0000000800000000)
  region size 1024K, 24 young (24576K), 0 survivors (0K)
 Metaspace       used 11713K, capacity 11974K, committed 12160K, reserved 1060864K
  class space    used 967K, capacity 1046K, committed 1152K, reserved 1048576K
}
Event: 3.144 GC heap after
{Heap after GC invocations=1 (full 0):
 garbage-first heap   total 251904K, used 2985K [0x000000070a000000, 0x0000000800000000)
  region size 1024K, 3 young (3072K), 3 survivors (3072K)
 Metaspace       used 11713K, capacity 11974K, committed 12160K, reserved 1060864K
  class space    used 967K, capacity 1046K, committed 1152K, reserved 1048576K
}

Deoptimization events (10 events):
Event: 3.380 Thread 0x00000245f87eb000 Uncommon trap: reason=unstable_if action=reinterpret pc=0x00000245e32abd20 method=javazoom.jl.decoder.BitReserve.hgetbits(I)I @ 22 c2
Event: 3.437 Thread 0x00000245f87eb000 Uncommon trap: reason=unstable_if action=reinterpret pc=0x00000245e32c3704 method=javazoom.jl.decoder.LayerIIIDecoder.stereo(I)V @ 5 c2
Event: 3.471 Thread 0x00000245f87eb000 Uncommon trap: reason=unstable_if action=reinterpret pc=0x00000245e32a5588 method=javazoom.jl.decoder.OutputBuffer.clip(F)S @ 17 c2
Event: 3.471 Thread 0x00000245f87eb000 Uncommon trap: reason=unstable_if action=reinterpret pc=0x00000245e329ba90 method=javazoom.jl.decoder.OutputBuffer.clip(F)S @ 17 c2
Event: 4.932 Thread 0x00000245d3386000 Uncommon trap: reason=profile_predicate action=maybe_recompile pc=0x00000245e3300ccc method=jdk.internal.jimage.ImageStringsReader.charsFromByteBuffer([CLjava/nio/ByteBuffer;)V @ 6 c2
Event: 4.932 Thread 0x00000245d3386000 Uncommon trap: reason=profile_predicate action=maybe_recompile pc=0x00000245e3300ccc method=jdk.internal.jimage.ImageStringsReader.charsFromByteBuffer([CLjava/nio/ByteBuffer;)V @ 6 c2
Event: 4.932 Thread 0x00000245d3386000 Uncommon trap: reason=profile_predicate action=maybe_recompile pc=0x00000245e3300ccc method=jdk.internal.jimage.ImageStringsReader.charsFromByteBuffer([CLjava/nio/ByteBuffer;)V @ 6 c2
Event: 4.932 Thread 0x00000245d3386000 Uncommon trap: reason=profile_predicate action=maybe_recompile pc=0x00000245e3300ccc method=jdk.internal.jimage.ImageStringsReader.charsFromByteBuffer([CLjava/nio/ByteBuffer;)V @ 6 c2
Event: 4.932 Thread 0x00000245d3386000 Uncommon trap: reason=profile_predicate action=maybe_recompile pc=0x00000245e3312bc0 method=jdk.internal.jimage.ImageStringsReader.charsFromByteBuffer([CLjava/nio/ByteBuffer;)V @ 6 c2
Event: 4.932 Thread 0x00000245d3386000 Uncommon trap: reason=profile_predicate action=maybe_recompile pc=0x00000245e330d9f4 method=jdk.internal.jimage.ImageStringsReader.charsFromByteBuffer([CLjava/nio/ByteBuffer;)V @ 6 c2

Classes redefined (0 events):
No events

Internal exceptions (10 events):
Event: 1.346 Thread 0x00000245d3386000 Exception <a 'sun/nio/fs/WindowsException'{0x0000000718134378}> (0x0000000718134378) thrown at [t:/workspace/open/src/hotspot/share/prims/jni.cpp, line 615]
Event: 1.346 Thread 0x00000245d3386000 Exception <a 'sun/nio/fs/WindowsException'{0x0000000718134720}> (0x0000000718134720) thrown at [t:/workspace/open/src/hotspot/share/prims/jni.cpp, line 615]
Event: 1.349 Thread 0x00000245d3386000 Exception <a 'sun/nio/fs/WindowsException'{0x000000071815de50}> (0x000000071815de50) thrown at [t:/workspace/open/src/hotspot/share/prims/jni.cpp, line 615]
Event: 1.349 Thread 0x00000245d3386000 Exception <a 'sun/nio/fs/WindowsException'{0x000000071815e130}> (0x000000071815e130) thrown at [t:/workspace/open/src/hotspot/share/prims/jni.cpp, line 615]
Event: 1.417 Thread 0x00000245d3386000 Exception <a 'java/security/PrivilegedActionException'{0x00000007180dc8b0}> (0x00000007180dc8b0) thrown at [t:/workspace/open/src/hotspot/share/prims/jvm.cpp, line 1308]
Event: 1.417 Thread 0x00000245d3386000 Exception <a 'java/security/PrivilegedActionException'{0x00000007180dcb80}> (0x00000007180dcb80) thrown at [t:/workspace/open/src/hotspot/share/prims/jvm.cpp, line 1308]
Event: 3.161 Thread 0x00000245d3386000 Exception <a 'java/io/FileNotFoundException'{0x0000000719426358}> (0x0000000719426358) thrown at [t:/workspace/open/src/hotspot/share/prims/jni.cpp, line 615]
Event: 3.193 Thread 0x00000245d3386000 Exception <a 'java/security/PrivilegedActionException'{0x0000000719279898}> (0x0000000719279898) thrown at [t:/workspace/open/src/hotspot/share/prims/jvm.cpp, line 1308]
Event: 3.193 Thread 0x00000245d3386000 Exception <a 'java/security/PrivilegedActionException'{0x0000000719279e10}> (0x0000000719279e10) thrown at [t:/workspace/open/src/hotspot/share/prims/jvm.cpp, line 1308]
Event: 3.372 Thread 0x00000245d3386000 Exception <a 'java/io/FileNotFoundException'{0x00000007182bbe80}> (0x00000007182bbe80) thrown at [t:/workspace/open/src/hotspot/share/prims/jni.cpp, line 615]

Events (10 events):
Event: 4.962 loading class com/badlogic/gdx/utils/OrderedMap
Event: 4.962 loading class com/badlogic/gdx/utils/OrderedMap done
Event: 4.962 Executing VM operation: Deoptimize
Event: 4.963 Executing VM operation: Deoptimize done
Event: 4.963 loading class com/badlogic/gdx/utils/ObjectMap$Values
Event: 4.963 loading class com/badlogic/gdx/utils/ObjectMap$Values done
Event: 4.963 loading class com/badlogic/gdx/utils/ObjectMap$MapIterator
Event: 4.963 loading class com/badlogic/gdx/utils/ObjectMap$MapIterator done
Event: 4.963 loading class com/badlogic/gdx/utils/OrderedMap$OrderedMapValues
Event: 4.963 loading class com/badlogic/gdx/utils/OrderedMap$OrderedMapValues done


Dynamic libraries:
0x00007ff70d680000 - 0x00007ff70d6c7000 	C:\Program Files\Java\jdk-11\bin\java.exe
0x00007ff983750000 - 0x00007ff983948000 	C:\Windows\SYSTEM32\ntdll.dll
0x00007ff983100000 - 0x00007ff9831bd000 	C:\Windows\System32\KERNEL32.DLL
0x00007ff981330000 - 0x00007ff9815fe000 	C:\Windows\System32\KERNELBASE.dll
0x00007ff982610000 - 0x00007ff9826be000 	C:\Windows\System32\ADVAPI32.dll
0x00007ff983260000 - 0x00007ff9832fe000 	C:\Windows\System32\msvcrt.dll
0x00007ff982800000 - 0x00007ff98289c000 	C:\Windows\System32\sechost.dll
0x00007ff983300000 - 0x00007ff983425000 	C:\Windows\System32\RPCRT4.dll
0x00007ff981e30000 - 0x00007ff981fd0000 	C:\Windows\System32\USER32.dll
0x00007ff980f80000 - 0x00007ff980fa2000 	C:\Windows\System32\win32u.dll
0x00007ff9830a0000 - 0x00007ff9830ca000 	C:\Windows\System32\GDI32.dll
0x00007ff980e70000 - 0x00007ff980f7b000 	C:\Windows\System32\gdi32full.dll
0x00007ff980fb0000 - 0x00007ff98104d000 	C:\Windows\System32\msvcp_win.dll
0x00007ff981600000 - 0x00007ff981700000 	C:\Windows\System32\ucrtbase.dll
0x00007ff976a00000 - 0x00007ff976a0a000 	C:\Windows\SYSTEM32\VERSION.dll
0x00007ff96f070000 - 0x00007ff96f30a000 	C:\Windows\WinSxS\amd64_microsoft.windows.common-controls_6595b64144ccf1df_6.0.19041.1110_none_60b5254171f9507e\COMCTL32.dll
0x00007ff9830d0000 - 0x00007ff983100000 	C:\Windows\System32\IMM32.DLL
0x00007ff938750000 - 0x00007ff938766000 	C:\Program Files\Java\jdk-11\bin\vcruntime140.dll
0x00007ff91d7a0000 - 0x00007ff91d84a000 	C:\Program Files\Java\jdk-11\bin\msvcp140.dll
0x00007ff8e2bd0000 - 0x00007ff8e3712000 	C:\Program Files\Java\jdk-11\bin\server\jvm.dll
0x00007ff9823e0000 - 0x00007ff9823e8000 	C:\Windows\System32\PSAPI.DLL
0x00007ff975ce0000 - 0x00007ff975d07000 	C:\Windows\SYSTEM32\WINMM.dll
0x00007ff96ffa0000 - 0x00007ff96ffa9000 	C:\Windows\SYSTEM32\WSOCK32.dll
0x00007ff983430000 - 0x00007ff98349b000 	C:\Windows\System32\WS2_32.dll
0x00007ff97f700000 - 0x00007ff97f712000 	C:\Windows\SYSTEM32\kernel.appcore.dll
0x00007ff925140000 - 0x00007ff925151000 	C:\Program Files\Java\jdk-11\bin\verify.dll
0x00007ff97ef60000 - 0x00007ff97f144000 	C:\Windows\SYSTEM32\DBGHELP.DLL
0x00007ff96f740000 - 0x00007ff96f76c000 	C:\Windows\SYSTEM32\dbgcore.DLL
0x00007ff9812a0000 - 0x00007ff981322000 	C:\Windows\System32\bcryptPrimitives.dll
0x00007ff91d940000 - 0x00007ff91d969000 	C:\Program Files\Java\jdk-11\bin\java.dll
0x00007ff9250e0000 - 0x00007ff9250f6000 	C:\Program Files\Java\jdk-11\bin\zip.dll
0x00007ff9542c0000 - 0x00007ff9542ca000 	C:\Program Files\Java\jdk-11\bin\jimage.dll
0x00007ff982950000 - 0x00007ff983094000 	C:\Windows\System32\SHELL32.dll
0x00007ff97e6f0000 - 0x00007ff97ee84000 	C:\Windows\SYSTEM32\windows.storage.dll
0x00007ff982080000 - 0x00007ff9823d4000 	C:\Windows\System32\combase.dll
0x00007ff980860000 - 0x00007ff980890000 	C:\Windows\SYSTEM32\Wldp.dll
0x00007ff981fd0000 - 0x00007ff98207d000 	C:\Windows\System32\SHCORE.dll
0x00007ff9836b0000 - 0x00007ff983705000 	C:\Windows\System32\shlwapi.dll
0x00007ff980db0000 - 0x00007ff980dcf000 	C:\Windows\SYSTEM32\profapi.dll
0x00007ff924ea0000 - 0x00007ff924eb9000 	C:\Program Files\Java\jdk-11\bin\net.dll
0x00007ff971ee0000 - 0x00007ff971fea000 	C:\Windows\SYSTEM32\WINHTTP.dll
0x00007ff9805c0000 - 0x00007ff98062a000 	C:\Windows\system32\mswsock.dll
0x00007ff91d920000 - 0x00007ff91d933000 	C:\Program Files\Java\jdk-11\bin\nio.dll
0x0000000068720000 - 0x0000000068749000 	C:\Users\honor\AppData\Local\Temp\libgdxhonor\e787ab0a\gdx64.dll
0x00007ff932b40000 - 0x00007ff932bb5000 	C:\Users\honor\AppData\Local\Temp\lwjglhonor\3.3.1-build-7\lwjgl.dll
0x00007ff92a5b0000 - 0x00007ff92a809000 	C:\Users\honor\AppData\Local\Temp\lwjglhonor\3.3.1-build-7\jemalloc.dll
0x00007ff92a540000 - 0x00007ff92a5a1000 	C:\Users\honor\AppData\Local\Temp\lwjglhonor\3.3.1-build-7\glfw.dll
0x00007ff938540000 - 0x00007ff938585000 	C:\Windows\SYSTEM32\dinput8.dll
0x00007ff94b180000 - 0x00007ff94b191000 	C:\Windows\SYSTEM32\xinput1_4.dll
0x00007ff9811e0000 - 0x00007ff98122e000 	C:\Windows\System32\cfgmgr32.dll
0x00007ff980bb0000 - 0x00007ff980bdc000 	C:\Windows\SYSTEM32\DEVOBJ.dll
0x00007ff97e220000 - 0x00007ff97e24f000 	C:\Windows\SYSTEM32\dwmapi.dll
0x00007ff95d310000 - 0x00007ff95d462000 	C:\Windows\SYSTEM32\inputhost.dll
0x00007ff981d60000 - 0x00007ff981e2d000 	C:\Windows\System32\OLEAUT32.dll
0x00007ff97d080000 - 0x00007ff97d1d4000 	C:\Windows\SYSTEM32\wintypes.dll
0x00007ff97dce0000 - 0x00007ff97ddd6000 	C:\Windows\SYSTEM32\PROPSYS.dll
0x00007ff97dab0000 - 0x00007ff97dba2000 	C:\Windows\SYSTEM32\CoreMessaging.dll
0x00007ff97d750000 - 0x00007ff97daae000 	C:\Windows\SYSTEM32\CoreUIComponents.dll
0x00007ff97fb70000 - 0x00007ff97fba3000 	C:\Windows\SYSTEM32\ntmarta.dll
0x00007ff97e030000 - 0x00007ff97e0ce000 	C:\Windows\system32\uxtheme.dll
0x00007ff946e40000 - 0x00007ff946f78000 	C:\ProgramData\A-Volute\A-Volute.Nahimic\Modules\Scheduled\x64\AudioDevProps2.dll
0x00007ff983580000 - 0x00007ff9836aa000 	C:\Windows\System32\ole32.dll
0x00007ff9826e0000 - 0x00007ff9827f5000 	C:\Windows\System32\MSCTF.dll
0x00007ff9297d0000 - 0x00007ff929967000 	C:\Users\honor\AppData\Local\Temp\lwjglhonor\3.3.1-build-7\OpenAL.dll
0x00007ff9828a0000 - 0x00007ff982949000 	C:\Windows\System32\clbcatq.dll
0x00007ff976a90000 - 0x00007ff976b15000 	C:\Windows\System32\MMDevApi.dll
0x00007ff976c20000 - 0x00007ff976da2000 	C:\Windows\SYSTEM32\AudioSes.dll
0x00007ff980c30000 - 0x00007ff980c7b000 	C:\Windows\SYSTEM32\powrprof.dll
0x00007ff980c10000 - 0x00007ff980c22000 	C:\Windows\SYSTEM32\UMPDC.dll
0x00007ff97c290000 - 0x00007ff97c2f7000 	C:\ProgramData\A-Volute\A-Volute.Nahimic\Modules\Scheduled\x64\ProductInfo.dll
0x00007ff9261f0000 - 0x00007ff926233000 	C:\ProgramData\A-Volute\A-Volute.Nahimic\Modules\Scheduled\x64\ASM.Plugin.AudioDevProps2.dll
0x00007ff97e120000 - 0x00007ff97e134000 	C:\Windows\SYSTEM32\resourcepolicyclient.dll
0x00007ff936560000 - 0x00007ff936687000 	C:\Windows\SYSTEM32\opengl32.dll
0x00007ff936470000 - 0x00007ff93649c000 	C:\Windows\SYSTEM32\GLU32.dll
0x00007ff9792d0000 - 0x00007ff9793c7000 	C:\Windows\System32\AppXDeploymentClient.dll
0x00007ff957d90000 - 0x00007ff957dba000 	C:\Windows\System32\DriverStore\FileRepository\u0366098.inf_amd64_fe23462f15a2817a\B360494\atig6pxx.dll
0x00007ff90c840000 - 0x00007ff90f527000 	C:\Windows\System32\DriverStore\FileRepository\u0366098.inf_amd64_fe23462f15a2817a\B360494\atio6axx.dll
0x00007ff967420000 - 0x00007ff967444000 	C:\Windows\SYSTEM32\dxva2.dll
0x00000245fb7e0000 - 0x00000245fbc4f000 	C:\Windows\System32\SETUPAPI.dll
0x00007ff981050000 - 0x00007ff981077000 	C:\Windows\System32\bcrypt.dll
0x00007ff957dc0000 - 0x00007ff957dfc000 	C:\Windows\System32\DriverStore\FileRepository\u0366098.inf_amd64_fe23462f15a2817a\B360494\atig6txx.dll
0x00007ff95fc30000 - 0x00007ff95fde9000 	C:\Windows\SYSTEM32\atiadlxx.dll
0x00007ff981230000 - 0x00007ff981298000 	C:\Windows\System32\WINTRUST.dll
0x00007ff981080000 - 0x00007ff9811d6000 	C:\Windows\System32\CRYPT32.dll
0x00007ff9809f0000 - 0x00007ff980a02000 	C:\Windows\SYSTEM32\MSASN1.dll
0x00007ff97afe0000 - 0x00007ff97b01b000 	C:\Windows\SYSTEM32\dxcore.dll
0x00007ff961340000 - 0x00007ff961439000 	C:\Windows\SYSTEM32\textinputframework.dll
0x00007ff97a640000 - 0x00007ff97a6ee000 	C:\Windows\SYSTEM32\mscms.dll
0x00007ff980d70000 - 0x00007ff980d9e000 	C:\Windows\SYSTEM32\USERENV.dll
0x00007ff97a1b0000 - 0x00007ff97a1c1000 	C:\Windows\SYSTEM32\ColorAdapterClient.dll
0x00007ff956420000 - 0x00007ff956463000 	C:\Windows\SYSTEM32\icm32.dll
0x00007ff92a4e0000 - 0x00007ff92a53d000 	C:\Users\honor\AppData\Local\Temp\lwjglhonor\3.3.1-build-7\lwjgl_opengl.dll
0x00000000685f0000 - 0x000000006871e000 	C:\Users\honor\AppData\Local\Temp\libgdxhonor\2c6d13f0\jamepad64.dll
0x00007ff97ee90000 - 0x00007ff97ee9d000 	C:\Windows\SYSTEM32\HID.DLL
0x0000000068530000 - 0x00000000685e2000 	C:\Users\honor\AppData\Local\Temp\libgdxhonor\ac200fef\gdx-freetype64.dll

dbghelp: loaded successfully - version: 4.0.5 - missing functions: none
symbol engine: initialized successfully - sym options: 0x614 - pdb path: .;C:\Program Files\Java\jdk-11\bin;C:\Windows\SYSTEM32;C:\Windows\WinSxS\amd64_microsoft.windows.common-controls_6595b64144ccf1df_6.0.19041.1110_none_60b5254171f9507e;C:\Program Files\Java\jdk-11\bin\server;C:\Users\honor\AppData\Local\Temp\libgdxhonor\e787ab0a;C:\Users\honor\AppData\Local\Temp\lwjglhonor\3.3.1-build-7;C:\ProgramData\A-Volute\A-Volute.Nahimic\Modules\Scheduled\x64;C:\Windows\System32\DriverStore\FileRepository\u0366098.inf_amd64_fe23462f15a2817a\B360494;C:\Users\honor\AppData\Local\Temp\libgdxhonor\2c6d13f0;C:\Users\honor\AppData\Local\Temp\libgdxhonor\ac200fef

VM Arguments:
jvm_args: -DImplementation-Version=648 -DSpecification-Title=Shattered Pixel Dungeon -DSpecification-Version=1.3.2-INDEV -Dfile.encoding=UTF-8 -Duser.country=CN -Duser.language=zh -Duser.variant 
java_command: com.shatteredpixel.shatteredpixeldungeon.desktop.DesktopLauncher
java_class_path (initial): D:\shattered-pixel-dungeon-1.3.2\shattered-pixel-dungeon-1.3.2\desktop\build\classes\java\main;D:\shattered-pixel-dungeon-1.3.2\shattered-pixel-dungeon-1.3.2\desktop\build\resources\main;D:\shattered-pixel-dungeon-1.3.2\shattered-pixel-dungeon-1.3.2\core\build\libs\core-1.3.2.jar;D:\shattered-pixel-dungeon-1.3.2\shattered-pixel-dungeon-1.3.2\services\updates\githubUpdates\build\libs\githubUpdates-1.3.2.jar;D:\shattered-pixel-dungeon-1.3.2\shattered-pixel-dungeon-1.3.2\services\news\shatteredNews\build\libs\shatteredNews-1.3.2.jar;D:\shattered-pixel-dungeon-1.3.2\shattered-pixel-dungeon-1.3.2\SPD-classes\build\libs\SPD-classes-1.3.2.jar;C:\Users\honor\.gradle\caches\modules-2\files-2.1\com.badlogicgames.gdx\gdx-freetype\1.11.0\a3634ad2e6c56d251268d6ab5c0f66eee2841f2c\gdx-freetype-1.11.0.jar;C:\Users\honor\.gradle\caches\modules-2\files-2.1\com.badlogicgames.gdx\gdx-backend-lwjgl3\1.11.0\58a96db4cd349be4292d547856aa1e1c5f065f4e\gdx-backend-lwjgl3-1.11.0.jar;C:\Users\honor\.gradle\caches\modules-2\files-2.1\com.badlogicgames.gdx\gdx-platform\1.11.0\697fb13eada6d3c6ca648c9788692b0159add126\gdx-platform-1.11.0-natives-desktop.jar;C:\Users\honor\.gradle\caches\modules-2\files-2.1\com.badlogicgames.gdx\gdx-freetype-platform\1.11.0\420e2c2c206843a0d51010be28a141a1eb946235\gdx-freetype-platform-1.11.0-natives-desktop.jar;C:\Users\honor\.gradle\caches\modules-2\files-2.1\com.badlogicgames.gdx-controllers\gdx-controllers-desktop\2.2.2\625b3bdbe803e9c4af181b4791202cfcf776d805\gdx-controllers-desktop-2.2.2.jar;C:\Users\honor\.gradle\caches\modules-2\files-2.1\org.lwjgl\lwjgl-tinyfd\3.3.1\ff1914111ef2e3e0110ef2dabc8d8cdaad82347\lwjgl-tinyfd-3.3.1.jar;C:\Users\honor\.gradle\caches\modules-2\files-2.1\org.lwjgl\lwjgl-tinyfd\3.3.1\a5d830475ec0958d9fdba1559efa99aef211e6ff\lwjgl-tinyfd-3.3.1-natives-windows.jar;C:\Users\honor\.gradle\caches\modules-2\files-2.1\org.lwjgl\lwjgl-tinyfd\3.3.1\78641a0fa5e9afa714adfdd152c357930c97a1ce\lwjgl-tinyfd-3.3.1-natives-
Launcher Type: SUN_STANDARD

[Global flags]
     intx CICompilerCount                          = 12                                        {product} {ergonomic}
     uint ConcGCThreads                            = 3                                         {product} {ergonomic}
     uint G1ConcRefinementThreads                  = 13                                        {product} {ergonomic}
   size_t G1HeapRegionSize                         = 1048576                                   {product} {ergonomic}
    uintx GCDrainStackTargetSize                   = 64                                        {product} {ergonomic}
   size_t InitialHeapSize                          = 257949696                                 {product} {ergonomic}
   size_t MarkStackSize                            = 4194304                                   {product} {ergonomic}
   size_t MaxHeapSize                              = 4127195136                                {product} {ergonomic}
   size_t MaxNewSize                               = 2475687936                                {product} {ergonomic}
   size_t MinHeapDeltaBytes                        = 1048576                                   {product} {ergonomic}
    uintx NonNMethodCodeHeapSize                   = 7591728                                {pd product} {ergonomic}
    uintx NonProfiledCodeHeapSize                  = 122033256                              {pd product} {ergonomic}
    uintx ProfiledCodeHeapSize                     = 122033256                              {pd product} {ergonomic}
    uintx ReservedCodeCacheSize                    = 251658240                              {pd product} {ergonomic}
     bool SegmentedCodeCache                       = true                                      {product} {ergonomic}
     bool UseCompressedClassPointers               = true                                 {lp64_product} {ergonomic}
     bool UseCompressedOops                        = true                                 {lp64_product} {ergonomic}
     bool UseG1GC                                  = true                                      {product} {ergonomic}
     bool UseLargePagesIndividualAllocation        = false                                  {pd product} {ergonomic}

Logging:
Log output configuration:
 #0: stdout all=warning uptime,level,tags
 #1: stderr all=off uptime,level,tags

Environment Variables:
JAVA_HOME=C:\Program Files\Java\jdk-11
CLASSPATH=D:\shattered-pixel-dungeon-1.3.2\shattered-pixel-dungeon-1.3.2\\gradle\wrapper\gradle-wrapper.jar
PATH=C:\ProgramData\Oracle\Java\javapath;C:\Program Files (x86)\Common Files\Oracle\Java\javapath;C:\Windows\system32;C:\Windows;C:\Windows\System32\Wbem;C:\Windows\System32\WindowsPowerShell\v1.0\;C:\Windows\System32\OpenSSH\;C:\Program Files\Java\jdk-11\bin;C:\Program Files\Java\jdk-11\jre\bin;C:\Program Files\Git\cmd;C:\Program Files\Microsoft\Web Platform Installer\;C:\Program Files (x86)\Microsoft ASP.NET\ASP.NET Web Pages\v1.0\;C:\Program Files\Microsoft SQL Server\110\Tools\Binn\;C:\Program Files\dotnet\;C:\Program Files\Bandizip\;C:\Ruby26-x64\bin;C:\Users\honor\AppData\Local\Microsoft\WindowsApps;D:\Users\honor\AppData\Local\Programs\Microsoft VS Code\bin;C:\Users\honor\.dotnet\tools;D:\Program Files\JetBrains\CLion 2021.3.1\bin;;D:\Program Files\JetBrains\PyCharm 2021.3\bin;;D:\Program Files\JetBrains\IntelliJ IDEA 2021.3.1\bin;;D:\Program Files\JetBrains\WebStorm 2021.3\bin;;D:\Program Files\JetBrains\PhpStorm 2021.3\bin;;C:\Users\honor\AppData\Local\GitHubDesktop\bin
USERNAME=honor
OS=Windows_NT
PROCESSOR_IDENTIFIER=AMD64 Family 23 Model 96 Stepping 1, AuthenticAMD



---------------  S Y S T E M  ---------------

OS: Windows 10 , 64 bit Build 19041 (10.0.19041.1889)

CPU:total 16 (initial active 16) (16 cores per cpu, 2 threads per core) family 23 model 96 stepping 1, cmov, cx8, fxsr, mmx, sse, sse2, sse3, ssse3, sse4.1, sse4.2, popcnt, avx, avx2, aes, clmul, mmxext, 3dnowpref, lzcnt, sse4a, ht, tsc, tscinvbit, tscinv, bmi1, bmi2, adx, sha, fma

Memory: 4k page, system-wide physical 15741M (2577M free)
TotalPageFile size 19837M (AvailPageFile size 5M)
current process WorkingSet (physical memory assigned to process): 227M, peak: 230M
current process commit charge ("private bytes"): 525M, peak: 533M

vm_info: Java HotSpot(TM) 64-Bit Server VM (11+28) for windows-amd64 JRE (11+28), built on Aug 23 2018 03:03:59 by "mach5one" with MS VC++ 15.5 (VS2017)

END.
